<?xml version="1.0" encoding="UTF-8"?>
<!-- Generated by org.testng.reporters.JUnitXMLReporter -->
<testsuite ignored="0" hostname="piyushj-ltmgm26.internal.salesforce.com" failures="0" tests="2" name="Default test" time="8.542" errors="0" timestamp="2024-08-16T14:38:43 IST">
  <testcase classname="io.cucumber.testng.AbstractTestNGCucumberTests" name="runScenario" time="2.484"/>
  <testcase classname="io.cucumber.testng.AbstractTestNGCucumberTests" name="runScenario" time="5.821"/>
</testsuite> <!-- Default test -->
