<?xml version="1.0" encoding="UTF-8"?>
<!-- Generated by org.testng.reporters.JUnitXMLReporter -->
<testsuite ignored="0" hostname="piyushj-ltmgm26.internal.salesforce.com" failures="0" tests="3" name="Submit Order Test" time="17.87" errors="0" timestamp="2024-03-28T12:36:21 IST">
  <testcase classname="learningSeleniumFramework.tests.StandaloneTestModified" name="submitOrder" time="3.684"/>
  <testcase classname="learningSeleniumFramework.tests.StandaloneTestModified" name="submitOrder" time="3.48"/>
  <testcase classname="learningSeleniumFramework.tests.StandaloneTestModified" name="orderHistoryTest" time="0.625"/>
</testsuite> <!-- Submit Order Test -->
