<?xml version="1.0" encoding="UTF-8"?>
<!-- Generated by org.testng.reporters.JUnitXMLReporter -->
<testsuite ignored="3" hostname="piyushj-ltmgm26.internal.salesforce.com" failures="0" tests="1" name="Test" time="4.341" errors="0" timestamp="2024-02-22T14:30:18 IST">
  <testcase classname="learningSeleniumFramework.tests.ErrorValidationTest" name="loginErrorValidation" time="0.425"/>
  <testcase classname="learningSeleniumFramework.tests.StandaloneTestModified" name="submitOrder" time="0.0">
    <ignored/>
  </testcase> <!-- submitOrder -->
  <testcase classname="learningSeleniumFramework.tests.StandaloneTestModified" name="orderHistoryTest" time="0.0">
    <ignored/>
  </testcase> <!-- orderHistoryTest -->
  <testcase classname="learningSeleniumFramework.tests.ErrorValidationTest" name="productErrorValidation" time="0.0">
    <ignored/>
  </testcase> <!-- productErrorValidation -->
</testsuite> <!-- Test -->
