<?xml version="1.0" encoding="UTF-8"?>
<!-- Generated by org.testng.reporters.JUnitXMLReporter -->
<testsuite ignored="0" hostname="piyushj-ltmgm26.internal.salesforce.com" failures="0" tests="3" name="Submit Order Test" time="16.367" errors="0" timestamp="2024-03-29T11:59:40 IST">
  <testcase classname="learningSeleniumFramework.tests.StandaloneTestModified" name="submitOrder" time="3.409"/>
  <testcase classname="learningSeleniumFramework.tests.StandaloneTestModified" name="submitOrder" time="3.433"/>
  <testcase classname="learningSeleniumFramework.tests.StandaloneTestModified" name="orderHistoryTest" time="0.623"/>
</testsuite> <!-- Submit Order Test -->
